nohup: ignoring input
2023-04-02 14:21:13,751 - modelscope - INFO - PyTorch version 1.12.1 Found.
2023-04-02 14:21:13,752 - modelscope - INFO - TensorFlow version 2.11.0 Found.
2023-04-02 14:21:13,752 - modelscope - INFO - Loading ast index from /root/.cache/modelscope/ast_indexer
2023-04-02 14:21:13,780 - modelscope - INFO - Loading done! Current index file version is 1.4.1, with md5 1090fa796f772e0fb869a1fd4628d185 and a total number of 842 components indexed
2023-04-02 14:21:14.150751: I tensorflow/core/platform/cpu_feature_guard.cc:193] This TensorFlow binary is optimized with oneAPI Deep Neural Network Library (oneDNN) to use the following CPU instructions in performance-critical operations:  AVX2 AVX512F AVX512_VNNI FMA
To enable them in other operations, rebuild TensorFlow with the appropriate compiler flags.
2023-04-02 14:21:14.353916: I tensorflow/core/util/port.cc:104] oneDNN custom operations are on. You may see slightly different numerical results due to floating-point round-off errors from different computation orders. To turn them off, set the environment variable `TF_ENABLE_ONEDNN_OPTS=0`.
2023-04-02 14:21:15.028026: W tensorflow/compiler/xla/stream_executor/platform/default/dso_loader.cc:64] Could not load dynamic library 'libnvinfer.so.7'; dlerror: libnvinfer.so.7: cannot open shared object file: No such file or directory; LD_LIBRARY_PATH: /root/anaconda3/envs/magicImage/lib/python3.10/site-packages/cv2/../../lib64:
2023-04-02 14:21:15.028116: W tensorflow/compiler/xla/stream_executor/platform/default/dso_loader.cc:64] Could not load dynamic library 'libnvinfer_plugin.so.7'; dlerror: libnvinfer_plugin.so.7: cannot open shared object file: No such file or directory; LD_LIBRARY_PATH: /root/anaconda3/envs/magicImage/lib/python3.10/site-packages/cv2/../../lib64:
2023-04-02 14:21:15.028128: W tensorflow/compiler/tf2tensorrt/utils/py_utils.cc:38] TF-TRT Warning: Cannot dlopen some TensorRT libraries. If you would like to use Nvidia GPU with TensorRT, please make sure the missing libraries mentioned above are installed properly.
2023-04-02 14:21:16,888 - modelscope - INFO - Model revision not specified, use the latest revision: v1.0.0
2023-04-02 14:21:17,857 - modelscope - INFO - initiate model from /root/.cache/modelscope/hub/damo/cv_unet_skin-retouching
2023-04-02 14:21:17,857 - modelscope - INFO - initiate model from location /root/.cache/modelscope/hub/damo/cv_unet_skin-retouching.
2023-04-02 14:21:17,860 - modelscope - WARNING - No preprocessor field found in cfg.
2023-04-02 14:21:17,860 - modelscope - WARNING - No val key and type key found in preprocessor domain of configuration.json file.
2023-04-02 14:21:17,860 - modelscope - WARNING - Cannot find available config to build preprocessor at mode inference, current config: {'model_dir': '/root/.cache/modelscope/hub/damo/cv_unet_skin-retouching'}. trying to build by task and model information.
2023-04-02 14:21:17,860 - modelscope - WARNING - Find task: skin-retouching, model type: None. Insufficient information to build preprocessor, skip building preprocessor
2023-04-02 14:21:26,133 - modelscope - INFO - Model revision not specified, use the latest revision: v2.0.2
2023-04-02 14:21:27,610 - modelscope - INFO - initiate model from /root/.cache/modelscope/hub/damo/cv_resnet50_face-detection_retinaface
2023-04-02 14:21:27,610 - modelscope - INFO - initiate model from location /root/.cache/modelscope/hub/damo/cv_resnet50_face-detection_retinaface.
2023-04-02 14:21:27,617 - modelscope - WARNING - No preprocessor field found in cfg.
2023-04-02 14:21:27,617 - modelscope - WARNING - No val key and type key found in preprocessor domain of configuration.json file.
2023-04-02 14:21:27,617 - modelscope - WARNING - Cannot find available config to build preprocessor at mode inference, current config: {'model_dir': '/root/.cache/modelscope/hub/damo/cv_resnet50_face-detection_retinaface'}. trying to build by task and model information.
2023-04-02 14:21:27,617 - modelscope - WARNING - Find task: face-detection, model type: None. Insufficient information to build preprocessor, skip building preprocessor
2023-04-02 14:21:27,618 - modelscope - INFO - loading model from /root/.cache/modelscope/hub/damo/cv_resnet50_face-detection_retinaface/pytorch_model.pt
2023-04-02 14:21:28,133 - modelscope - INFO - load model done
2023-04-02 14:21:29.045542: I tensorflow/core/platform/cpu_feature_guard.cc:193] This TensorFlow binary is optimized with oneAPI Deep Neural Network Library (oneDNN) to use the following CPU instructions in performance-critical operations:  AVX2 AVX512F AVX512_VNNI FMA
To enable them in other operations, rebuild TensorFlow with the appropriate compiler flags.
2023-04-02 14:21:29.047272: I tensorflow/compiler/xla/stream_executor/cuda/cuda_gpu_executor.cc:981] successful NUMA node read from SysFS had negative value (-1), but there must be at least one NUMA node, so returning NUMA node zero
2023-04-02 14:21:29.048966: W tensorflow/compiler/xla/stream_executor/platform/default/dso_loader.cc:64] Could not load dynamic library 'libcusolver.so.11'; dlerror: libcusolver.so.11: cannot open shared object file: No such file or directory; LD_LIBRARY_PATH: /root/anaconda3/envs/magicImage/lib/python3.10/site-packages/cv2/../../lib64:
2023-04-02 14:21:29.049038: W tensorflow/core/common_runtime/gpu/gpu_device.cc:1934] Cannot dlopen some GPU libraries. Please make sure the missing libraries mentioned above are installed properly if you would like to use GPU. Follow the guide at https://www.tensorflow.org/install/gpu for how to download and setup the required libraries for your platform.
Skipping registering GPU devices...
WARNING:tensorflow:From /root/anaconda3/envs/magicImage/lib/python3.10/site-packages/modelscope/pipelines/cv/skin_retouching_pipeline.py:84: FastGFile.__init__ (from tensorflow.python.platform.gfile) is deprecated and will be removed in a future version.
Instructions for updating:
Use tf.gfile.GFile.
2023-04-02 14:21:29.761921: I tensorflow/compiler/mlir/mlir_graph_optimization_pass.cc:357] MLIR V1 optimization pass is not enabled
2023-04-02 14:21:32,707 - modelscope - INFO - Model revision not specified, use the latest revision: v1.0.0
2023-04-02 14:21:39,017 - modelscope - INFO - initiate model from /root/.cache/modelscope/hub/damo/cv_flow-based-body-reshaping_damo
2023-04-02 14:21:39,017 - modelscope - INFO - initiate model from location /root/.cache/modelscope/hub/damo/cv_flow-based-body-reshaping_damo.
2023-04-02 14:21:39,018 - modelscope - INFO - initialize model from /root/.cache/modelscope/hub/damo/cv_flow-based-body-reshaping_damo
2023-04-02 14:21:39,779 - modelscope - INFO - load body reshaping model done
2023-04-02 14:21:40,289 - modelscope - INFO - load pose model done
2023-04-02 14:21:40,292 - modelscope - WARNING - No preprocessor field found in cfg.
2023-04-02 14:21:40,292 - modelscope - WARNING - No val key and type key found in preprocessor domain of configuration.json file.
2023-04-02 14:21:40,292 - modelscope - WARNING - Cannot find available config to build preprocessor at mode inference, current config: {'model_dir': '/root/.cache/modelscope/hub/damo/cv_flow-based-body-reshaping_damo'}. trying to build by task and model information.
2023-04-02 14:21:40,292 - modelscope - WARNING - No preprocessor key ('image-body-reshaping', 'image-body-reshaping') found in PREPROCESSOR_MAP, skip building preprocessor.
2023-04-02 14:21:40,293 - modelscope - INFO - body reshaping model init done
2023-04-02 14:21:44,079 - modelscope - INFO - Model revision not specified, use the latest revision: v1.0.3
2023-04-02 14:21:46,811 - modelscope - INFO - initiate model from /root/.cache/modelscope/hub/damo/cv_unet_person-image-cartoon_compound-models
2023-04-02 14:21:46,811 - modelscope - INFO - initiate model from location /root/.cache/modelscope/hub/damo/cv_unet_person-image-cartoon_compound-models.
2023-04-02 14:21:46,815 - modelscope - WARNING - No preprocessor field found in cfg.
2023-04-02 14:21:46,815 - modelscope - WARNING - No val key and type key found in preprocessor domain of configuration.json file.
2023-04-02 14:21:46,815 - modelscope - WARNING - Cannot find available config to build preprocessor at mode inference, current config: {'model_dir': '/root/.cache/modelscope/hub/damo/cv_unet_person-image-cartoon_compound-models'}. trying to build by task and model information.
2023-04-02 14:21:46,815 - modelscope - WARNING - Find task: image-portrait-stylization, model type: None. Insufficient information to build preprocessor, skip building preprocessor
2023-04-02 14:21:46.817530: I tensorflow/compiler/xla/stream_executor/cuda/cuda_gpu_executor.cc:981] successful NUMA node read from SysFS had negative value (-1), but there must be at least one NUMA node, so returning NUMA node zero
2023-04-02 14:21:46.818974: W tensorflow/core/common_runtime/gpu/gpu_device.cc:1934] Cannot dlopen some GPU libraries. Please make sure the missing libraries mentioned above are installed properly if you would like to use GPU. Follow the guide at https://www.tensorflow.org/install/gpu for how to download and setup the required libraries for your platform.
Skipping registering GPU devices...
2023-04-02 14:21:46.935580: I tensorflow/compiler/xla/stream_executor/cuda/cuda_gpu_executor.cc:981] successful NUMA node read from SysFS had negative value (-1), but there must be at least one NUMA node, so returning NUMA node zero
2023-04-02 14:21:46.936866: W tensorflow/core/common_runtime/gpu/gpu_device.cc:1934] Cannot dlopen some GPU libraries. Please make sure the missing libraries mentioned above are installed properly if you would like to use GPU. Follow the guide at https://www.tensorflow.org/install/gpu for how to download and setup the required libraries for your platform.
Skipping registering GPU devices...
2023-04-02 14:21:47.298438: I tensorflow/compiler/xla/stream_executor/cuda/cuda_gpu_executor.cc:981] successful NUMA node read from SysFS had negative value (-1), but there must be at least one NUMA node, so returning NUMA node zero
2023-04-02 14:21:47.299753: W tensorflow/core/common_runtime/gpu/gpu_device.cc:1934] Cannot dlopen some GPU libraries. Please make sure the missing libraries mentioned above are installed properly if you would like to use GPU. Follow the guide at https://www.tensorflow.org/install/gpu for how to download and setup the required libraries for your platform.
Skipping registering GPU devices...
2023-04-02 14:21:47,299 - modelscope - INFO - loading model from /root/.cache/modelscope/hub/damo/cv_unet_person-image-cartoon_compound-models/cartoon_h.pb
2023-04-02 14:21:47,346 - modelscope - INFO - load model /root/.cache/modelscope/hub/damo/cv_unet_person-image-cartoon_compound-models/cartoon_h.pb done.
2023-04-02 14:21:47.347009: I tensorflow/compiler/xla/stream_executor/cuda/cuda_gpu_executor.cc:981] successful NUMA node read from SysFS had negative value (-1), but there must be at least one NUMA node, so returning NUMA node zero
2023-04-02 14:21:47.348346: W tensorflow/core/common_runtime/gpu/gpu_device.cc:1934] Cannot dlopen some GPU libraries. Please make sure the missing libraries mentioned above are installed properly if you would like to use GPU. Follow the guide at https://www.tensorflow.org/install/gpu for how to download and setup the required libraries for your platform.
Skipping registering GPU devices...
2023-04-02 14:21:47,348 - modelscope - INFO - loading model from /root/.cache/modelscope/hub/damo/cv_unet_person-image-cartoon_compound-models/cartoon_bg.pb
2023-04-02 14:21:47,410 - modelscope - INFO - load model /root/.cache/modelscope/hub/damo/cv_unet_person-image-cartoon_compound-models/cartoon_bg.pb done.
2023-04-02 14:21:49,115 - modelscope - INFO - Model revision not specified, use the latest revision: v1.0.1
2023-04-02 14:21:51,758 - modelscope - INFO - initiate model from /root/.cache/modelscope/hub/damo/cv_unet_person-image-cartoon-handdrawn_compound-models
2023-04-02 14:21:51,758 - modelscope - INFO - initiate model from location /root/.cache/modelscope/hub/damo/cv_unet_person-image-cartoon-handdrawn_compound-models.
2023-04-02 14:21:51,761 - modelscope - WARNING - No preprocessor field found in cfg.
2023-04-02 14:21:51,761 - modelscope - WARNING - No val key and type key found in preprocessor domain of configuration.json file.
2023-04-02 14:21:51,761 - modelscope - WARNING - Cannot find available config to build preprocessor at mode inference, current config: {'model_dir': '/root/.cache/modelscope/hub/damo/cv_unet_person-image-cartoon-handdrawn_compound-models'}. trying to build by task and model information.
2023-04-02 14:21:51,761 - modelscope - WARNING - Find task: image-portrait-stylization, model type: None. Insufficient information to build preprocessor, skip building preprocessor
2023-04-02 14:21:51.763417: I tensorflow/compiler/xla/stream_executor/cuda/cuda_gpu_executor.cc:981] successful NUMA node read from SysFS had negative value (-1), but there must be at least one NUMA node, so returning NUMA node zero
2023-04-02 14:21:51.764847: W tensorflow/core/common_runtime/gpu/gpu_device.cc:1934] Cannot dlopen some GPU libraries. Please make sure the missing libraries mentioned above are installed properly if you would like to use GPU. Follow the guide at https://www.tensorflow.org/install/gpu for how to download and setup the required libraries for your platform.
Skipping registering GPU devices...
2023-04-02 14:21:51.883060: I tensorflow/compiler/xla/stream_executor/cuda/cuda_gpu_executor.cc:981] successful NUMA node read from SysFS had negative value (-1), but there must be at least one NUMA node, so returning NUMA node zero
2023-04-02 14:21:51.884395: W tensorflow/core/common_runtime/gpu/gpu_device.cc:1934] Cannot dlopen some GPU libraries. Please make sure the missing libraries mentioned above are installed properly if you would like to use GPU. Follow the guide at https://www.tensorflow.org/install/gpu for how to download and setup the required libraries for your platform.
Skipping registering GPU devices...
2023-04-02 14:21:52.073017: I tensorflow/compiler/xla/stream_executor/cuda/cuda_gpu_executor.cc:981] successful NUMA node read from SysFS had negative value (-1), but there must be at least one NUMA node, so returning NUMA node zero
2023-04-02 14:21:52.074316: W tensorflow/core/common_runtime/gpu/gpu_device.cc:1934] Cannot dlopen some GPU libraries. Please make sure the missing libraries mentioned above are installed properly if you would like to use GPU. Follow the guide at https://www.tensorflow.org/install/gpu for how to download and setup the required libraries for your platform.
Skipping registering GPU devices...
2023-04-02 14:21:52,074 - modelscope - INFO - loading model from /root/.cache/modelscope/hub/damo/cv_unet_person-image-cartoon-handdrawn_compound-models/cartoon_h.pb
2023-04-02 14:21:52,119 - modelscope - INFO - load model /root/.cache/modelscope/hub/damo/cv_unet_person-image-cartoon-handdrawn_compound-models/cartoon_h.pb done.
2023-04-02 14:21:52.120740: I tensorflow/compiler/xla/stream_executor/cuda/cuda_gpu_executor.cc:981] successful NUMA node read from SysFS had negative value (-1), but there must be at least one NUMA node, so returning NUMA node zero
2023-04-02 14:21:52.122045: W tensorflow/core/common_runtime/gpu/gpu_device.cc:1934] Cannot dlopen some GPU libraries. Please make sure the missing libraries mentioned above are installed properly if you would like to use GPU. Follow the guide at https://www.tensorflow.org/install/gpu for how to download and setup the required libraries for your platform.
Skipping registering GPU devices...
2023-04-02 14:21:52,122 - modelscope - INFO - loading model from /root/.cache/modelscope/hub/damo/cv_unet_person-image-cartoon-handdrawn_compound-models/cartoon_bg.pb
2023-04-02 14:21:52,179 - modelscope - INFO - load model /root/.cache/modelscope/hub/damo/cv_unet_person-image-cartoon-handdrawn_compound-models/cartoon_bg.pb done.
2023-04-02 14:21:53,476 - modelscope - INFO - Model revision not specified, use the latest revision: v1.0.1
2023-04-02 14:21:55,728 - modelscope - INFO - initiate model from /root/.cache/modelscope/hub/damo/cv_unet_person-image-cartoon-3d_compound-models
2023-04-02 14:21:55,728 - modelscope - INFO - initiate model from location /root/.cache/modelscope/hub/damo/cv_unet_person-image-cartoon-3d_compound-models.
2023-04-02 14:21:55,731 - modelscope - WARNING - No preprocessor field found in cfg.
2023-04-02 14:21:55,731 - modelscope - WARNING - No val key and type key found in preprocessor domain of configuration.json file.
2023-04-02 14:21:55,731 - modelscope - WARNING - Cannot find available config to build preprocessor at mode inference, current config: {'model_dir': '/root/.cache/modelscope/hub/damo/cv_unet_person-image-cartoon-3d_compound-models'}. trying to build by task and model information.
2023-04-02 14:21:55,731 - modelscope - WARNING - Find task: image-portrait-stylization, model type: None. Insufficient information to build preprocessor, skip building preprocessor
2023-04-02 14:21:55.732789: I tensorflow/compiler/xla/stream_executor/cuda/cuda_gpu_executor.cc:981] successful NUMA node read from SysFS had negative value (-1), but there must be at least one NUMA node, so returning NUMA node zero
2023-04-02 14:21:55.734204: W tensorflow/core/common_runtime/gpu/gpu_device.cc:1934] Cannot dlopen some GPU libraries. Please make sure the missing libraries mentioned above are installed properly if you would like to use GPU. Follow the guide at https://www.tensorflow.org/install/gpu for how to download and setup the required libraries for your platform.
Skipping registering GPU devices...
2023-04-02 14:21:55.848111: I tensorflow/compiler/xla/stream_executor/cuda/cuda_gpu_executor.cc:981] successful NUMA node read from SysFS had negative value (-1), but there must be at least one NUMA node, so returning NUMA node zero
2023-04-02 14:21:55.849424: W tensorflow/core/common_runtime/gpu/gpu_device.cc:1934] Cannot dlopen some GPU libraries. Please make sure the missing libraries mentioned above are installed properly if you would like to use GPU. Follow the guide at https://www.tensorflow.org/install/gpu for how to download and setup the required libraries for your platform.
Skipping registering GPU devices...
2023-04-02 14:21:56.035521: I tensorflow/compiler/xla/stream_executor/cuda/cuda_gpu_executor.cc:981] successful NUMA node read from SysFS had negative value (-1), but there must be at least one NUMA node, so returning NUMA node zero
2023-04-02 14:21:56.036828: W tensorflow/core/common_runtime/gpu/gpu_device.cc:1934] Cannot dlopen some GPU libraries. Please make sure the missing libraries mentioned above are installed properly if you would like to use GPU. Follow the guide at https://www.tensorflow.org/install/gpu for how to download and setup the required libraries for your platform.
Skipping registering GPU devices...
2023-04-02 14:21:56,036 - modelscope - INFO - loading model from /root/.cache/modelscope/hub/damo/cv_unet_person-image-cartoon-3d_compound-models/cartoon_h.pb
2023-04-02 14:21:56,082 - modelscope - INFO - load model /root/.cache/modelscope/hub/damo/cv_unet_person-image-cartoon-3d_compound-models/cartoon_h.pb done.
2023-04-02 14:21:56.083155: I tensorflow/compiler/xla/stream_executor/cuda/cuda_gpu_executor.cc:981] successful NUMA node read from SysFS had negative value (-1), but there must be at least one NUMA node, so returning NUMA node zero
2023-04-02 14:21:56.084459: W tensorflow/core/common_runtime/gpu/gpu_device.cc:1934] Cannot dlopen some GPU libraries. Please make sure the missing libraries mentioned above are installed properly if you would like to use GPU. Follow the guide at https://www.tensorflow.org/install/gpu for how to download and setup the required libraries for your platform.
Skipping registering GPU devices...
2023-04-02 14:21:56,084 - modelscope - INFO - loading model from /root/.cache/modelscope/hub/damo/cv_unet_person-image-cartoon-3d_compound-models/cartoon_bg.pb
2023-04-02 14:21:56,141 - modelscope - INFO - load model /root/.cache/modelscope/hub/damo/cv_unet_person-image-cartoon-3d_compound-models/cartoon_bg.pb done.
2023-04-02 14:21:57,991 - modelscope - INFO - Model revision not specified, use the latest revision: v1.0.1
2023-04-02 14:21:59,938 - modelscope - INFO - initiate model from /root/.cache/modelscope/hub/damo/cv_unet_person-image-cartoon-artstyle_compound-models
2023-04-02 14:21:59,938 - modelscope - INFO - initiate model from location /root/.cache/modelscope/hub/damo/cv_unet_person-image-cartoon-artstyle_compound-models.
2023-04-02 14:21:59,941 - modelscope - WARNING - No preprocessor field found in cfg.
2023-04-02 14:21:59,941 - modelscope - WARNING - No val key and type key found in preprocessor domain of configuration.json file.
2023-04-02 14:21:59,941 - modelscope - WARNING - Cannot find available config to build preprocessor at mode inference, current config: {'model_dir': '/root/.cache/modelscope/hub/damo/cv_unet_person-image-cartoon-artstyle_compound-models'}. trying to build by task and model information.
2023-04-02 14:21:59,941 - modelscope - WARNING - Find task: image-portrait-stylization, model type: None. Insufficient information to build preprocessor, skip building preprocessor
2023-04-02 14:21:59.943046: I tensorflow/compiler/xla/stream_executor/cuda/cuda_gpu_executor.cc:981] successful NUMA node read from SysFS had negative value (-1), but there must be at least one NUMA node, so returning NUMA node zero
2023-04-02 14:21:59.944473: W tensorflow/core/common_runtime/gpu/gpu_device.cc:1934] Cannot dlopen some GPU libraries. Please make sure the missing libraries mentioned above are installed properly if you would like to use GPU. Follow the guide at https://www.tensorflow.org/install/gpu for how to download and setup the required libraries for your platform.
Skipping registering GPU devices...
2023-04-02 14:22:00.058538: I tensorflow/compiler/xla/stream_executor/cuda/cuda_gpu_executor.cc:981] successful NUMA node read from SysFS had negative value (-1), but there must be at least one NUMA node, so returning NUMA node zero
2023-04-02 14:22:00.059853: W tensorflow/core/common_runtime/gpu/gpu_device.cc:1934] Cannot dlopen some GPU libraries. Please make sure the missing libraries mentioned above are installed properly if you would like to use GPU. Follow the guide at https://www.tensorflow.org/install/gpu for how to download and setup the required libraries for your platform.
Skipping registering GPU devices...
2023-04-02 14:22:00.245283: I tensorflow/compiler/xla/stream_executor/cuda/cuda_gpu_executor.cc:981] successful NUMA node read from SysFS had negative value (-1), but there must be at least one NUMA node, so returning NUMA node zero
2023-04-02 14:22:00.246573: W tensorflow/core/common_runtime/gpu/gpu_device.cc:1934] Cannot dlopen some GPU libraries. Please make sure the missing libraries mentioned above are installed properly if you would like to use GPU. Follow the guide at https://www.tensorflow.org/install/gpu for how to download and setup the required libraries for your platform.
Skipping registering GPU devices...
2023-04-02 14:22:00,246 - modelscope - INFO - loading model from /root/.cache/modelscope/hub/damo/cv_unet_person-image-cartoon-artstyle_compound-models/cartoon_h.pb
2023-04-02 14:22:00,291 - modelscope - INFO - load model /root/.cache/modelscope/hub/damo/cv_unet_person-image-cartoon-artstyle_compound-models/cartoon_h.pb done.
2023-04-02 14:22:00.292023: I tensorflow/compiler/xla/stream_executor/cuda/cuda_gpu_executor.cc:981] successful NUMA node read from SysFS had negative value (-1), but there must be at least one NUMA node, so returning NUMA node zero
2023-04-02 14:22:00.293347: W tensorflow/core/common_runtime/gpu/gpu_device.cc:1934] Cannot dlopen some GPU libraries. Please make sure the missing libraries mentioned above are installed properly if you would like to use GPU. Follow the guide at https://www.tensorflow.org/install/gpu for how to download and setup the required libraries for your platform.
Skipping registering GPU devices...
2023-04-02 14:22:00,293 - modelscope - INFO - loading model from /root/.cache/modelscope/hub/damo/cv_unet_person-image-cartoon-artstyle_compound-models/cartoon_bg.pb
2023-04-02 14:22:00,348 - modelscope - INFO - load model /root/.cache/modelscope/hub/damo/cv_unet_person-image-cartoon-artstyle_compound-models/cartoon_bg.pb done.
2023-04-02 14:22:01,422 - modelscope - INFO - Use user-specified model revision: v1.0.0
2023-04-02 14:22:01,865 - modelscope - INFO - initiate model from /root/.cache/modelscope/hub/damo/cv_unet_person-image-cartoon-sd-design_compound-models
2023-04-02 14:22:01,865 - modelscope - INFO - initiate model from location /root/.cache/modelscope/hub/damo/cv_unet_person-image-cartoon-sd-design_compound-models.
2023-04-02 14:22:01,868 - modelscope - WARNING - No preprocessor field found in cfg.
2023-04-02 14:22:01,868 - modelscope - WARNING - No val key and type key found in preprocessor domain of configuration.json file.
2023-04-02 14:22:01,868 - modelscope - WARNING - Cannot find available config to build preprocessor at mode inference, current config: {'model_dir': '/root/.cache/modelscope/hub/damo/cv_unet_person-image-cartoon-sd-design_compound-models'}. trying to build by task and model information.
2023-04-02 14:22:01,868 - modelscope - WARNING - Find task: image-portrait-stylization, model type: None. Insufficient information to build preprocessor, skip building preprocessor
2023-04-02 14:22:01.870508: I tensorflow/compiler/xla/stream_executor/cuda/cuda_gpu_executor.cc:981] successful NUMA node read from SysFS had negative value (-1), but there must be at least one NUMA node, so returning NUMA node zero
2023-04-02 14:22:01.871922: W tensorflow/core/common_runtime/gpu/gpu_device.cc:1934] Cannot dlopen some GPU libraries. Please make sure the missing libraries mentioned above are installed properly if you would like to use GPU. Follow the guide at https://www.tensorflow.org/install/gpu for how to download and setup the required libraries for your platform.
Skipping registering GPU devices...
2023-04-02 14:22:01.985641: I tensorflow/compiler/xla/stream_executor/cuda/cuda_gpu_executor.cc:981] successful NUMA node read from SysFS had negative value (-1), but there must be at least one NUMA node, so returning NUMA node zero
2023-04-02 14:22:01.986962: W tensorflow/core/common_runtime/gpu/gpu_device.cc:1934] Cannot dlopen some GPU libraries. Please make sure the missing libraries mentioned above are installed properly if you would like to use GPU. Follow the guide at https://www.tensorflow.org/install/gpu for how to download and setup the required libraries for your platform.
Skipping registering GPU devices...
2023-04-02 14:22:02.174529: I tensorflow/compiler/xla/stream_executor/cuda/cuda_gpu_executor.cc:981] successful NUMA node read from SysFS had negative value (-1), but there must be at least one NUMA node, so returning NUMA node zero
2023-04-02 14:22:02.175838: W tensorflow/core/common_runtime/gpu/gpu_device.cc:1934] Cannot dlopen some GPU libraries. Please make sure the missing libraries mentioned above are installed properly if you would like to use GPU. Follow the guide at https://www.tensorflow.org/install/gpu for how to download and setup the required libraries for your platform.
Skipping registering GPU devices...
2023-04-02 14:22:02,175 - modelscope - INFO - loading model from /root/.cache/modelscope/hub/damo/cv_unet_person-image-cartoon-sd-design_compound-models/cartoon_h.pb
2023-04-02 14:22:02,219 - modelscope - INFO - load model /root/.cache/modelscope/hub/damo/cv_unet_person-image-cartoon-sd-design_compound-models/cartoon_h.pb done.
2023-04-02 14:22:02.220774: I tensorflow/compiler/xla/stream_executor/cuda/cuda_gpu_executor.cc:981] successful NUMA node read from SysFS had negative value (-1), but there must be at least one NUMA node, so returning NUMA node zero
2023-04-02 14:22:02.222092: W tensorflow/core/common_runtime/gpu/gpu_device.cc:1934] Cannot dlopen some GPU libraries. Please make sure the missing libraries mentioned above are installed properly if you would like to use GPU. Follow the guide at https://www.tensorflow.org/install/gpu for how to download and setup the required libraries for your platform.
Skipping registering GPU devices...
2023-04-02 14:22:02,222 - modelscope - INFO - loading model from /root/.cache/modelscope/hub/damo/cv_unet_person-image-cartoon-sd-design_compound-models/cartoon_bg.pb
2023-04-02 14:22:02,275 - modelscope - INFO - load model /root/.cache/modelscope/hub/damo/cv_unet_person-image-cartoon-sd-design_compound-models/cartoon_bg.pb done.
2023-04-02 14:22:03,828 - modelscope - INFO - Use user-specified model revision: v1.0.0
2023-04-02 14:22:04,562 - modelscope - INFO - initiate model from /root/.cache/modelscope/hub/damo/cv_unet_person-image-cartoon-sd-illustration_compound-models
2023-04-02 14:22:04,562 - modelscope - INFO - initiate model from location /root/.cache/modelscope/hub/damo/cv_unet_person-image-cartoon-sd-illustration_compound-models.
2023-04-02 14:22:04,566 - modelscope - WARNING - No preprocessor field found in cfg.
2023-04-02 14:22:04,566 - modelscope - WARNING - No val key and type key found in preprocessor domain of configuration.json file.
2023-04-02 14:22:04,566 - modelscope - WARNING - Cannot find available config to build preprocessor at mode inference, current config: {'model_dir': '/root/.cache/modelscope/hub/damo/cv_unet_person-image-cartoon-sd-illustration_compound-models'}. trying to build by task and model information.
2023-04-02 14:22:04,566 - modelscope - WARNING - Find task: image-portrait-stylization, model type: None. Insufficient information to build preprocessor, skip building preprocessor
2023-04-02 14:22:04.568029: I tensorflow/compiler/xla/stream_executor/cuda/cuda_gpu_executor.cc:981] successful NUMA node read from SysFS had negative value (-1), but there must be at least one NUMA node, so returning NUMA node zero
2023-04-02 14:22:04.569431: W tensorflow/core/common_runtime/gpu/gpu_device.cc:1934] Cannot dlopen some GPU libraries. Please make sure the missing libraries mentioned above are installed properly if you would like to use GPU. Follow the guide at https://www.tensorflow.org/install/gpu for how to download and setup the required libraries for your platform.
Skipping registering GPU devices...
2023-04-02 14:22:04.874197: I tensorflow/compiler/xla/stream_executor/cuda/cuda_gpu_executor.cc:981] successful NUMA node read from SysFS had negative value (-1), but there must be at least one NUMA node, so returning NUMA node zero
2023-04-02 14:22:04.875525: W tensorflow/core/common_runtime/gpu/gpu_device.cc:1934] Cannot dlopen some GPU libraries. Please make sure the missing libraries mentioned above are installed properly if you would like to use GPU. Follow the guide at https://www.tensorflow.org/install/gpu for how to download and setup the required libraries for your platform.
Skipping registering GPU devices...
2023-04-02 14:22:05.062107: I tensorflow/compiler/xla/stream_executor/cuda/cuda_gpu_executor.cc:981] successful NUMA node read from SysFS had negative value (-1), but there must be at least one NUMA node, so returning NUMA node zero
2023-04-02 14:22:05.063416: W tensorflow/core/common_runtime/gpu/gpu_device.cc:1934] Cannot dlopen some GPU libraries. Please make sure the missing libraries mentioned above are installed properly if you would like to use GPU. Follow the guide at https://www.tensorflow.org/install/gpu for how to download and setup the required libraries for your platform.
Skipping registering GPU devices...
2023-04-02 14:22:05,063 - modelscope - INFO - loading model from /root/.cache/modelscope/hub/damo/cv_unet_person-image-cartoon-sd-illustration_compound-models/cartoon_h.pb
2023-04-02 14:22:05,107 - modelscope - INFO - load model /root/.cache/modelscope/hub/damo/cv_unet_person-image-cartoon-sd-illustration_compound-models/cartoon_h.pb done.
2023-04-02 14:22:05.108522: I tensorflow/compiler/xla/stream_executor/cuda/cuda_gpu_executor.cc:981] successful NUMA node read from SysFS had negative value (-1), but there must be at least one NUMA node, so returning NUMA node zero
2023-04-02 14:22:05.109836: W tensorflow/core/common_runtime/gpu/gpu_device.cc:1934] Cannot dlopen some GPU libraries. Please make sure the missing libraries mentioned above are installed properly if you would like to use GPU. Follow the guide at https://www.tensorflow.org/install/gpu for how to download and setup the required libraries for your platform.
Skipping registering GPU devices...
2023-04-02 14:22:05,110 - modelscope - INFO - loading model from /root/.cache/modelscope/hub/damo/cv_unet_person-image-cartoon-sd-illustration_compound-models/cartoon_bg.pb
2023-04-02 14:22:05,164 - modelscope - INFO - load model /root/.cache/modelscope/hub/damo/cv_unet_person-image-cartoon-sd-illustration_compound-models/cartoon_bg.pb done.
2023-04-02 14:22:06,678 - modelscope - INFO - Use user-specified model revision: v1.0.0
`text_config_dict` is provided which will be used to initialize `CLIPTextConfig`. The value `text_config["id2label"]` will be overriden.
