nohup: ignoring input
2023-03-27 17:05:44,936 - modelscope - INFO - PyTorch version 1.12.1 Found.
2023-03-27 17:05:44,936 - modelscope - INFO - TensorFlow version 2.11.0 Found.
2023-03-27 17:05:44,936 - modelscope - INFO - Loading ast index from /root/.cache/modelscope/ast_indexer
2023-03-27 17:05:44,990 - modelscope - INFO - Loading done! Current index file version is 1.4.1, with md5 1090fa796f772e0fb869a1fd4628d185 and a total number of 842 components indexed
2023-03-27 17:05:45.828436: I tensorflow/core/platform/cpu_feature_guard.cc:193] This TensorFlow binary is optimized with oneAPI Deep Neural Network Library (oneDNN) to use the following CPU instructions in performance-critical operations:  AVX2 AVX512F AVX512_VNNI FMA
To enable them in other operations, rebuild TensorFlow with the appropriate compiler flags.
2023-03-27 17:05:46.026154: I tensorflow/core/util/port.cc:104] oneDNN custom operations are on. You may see slightly different numerical results due to floating-point round-off errors from different computation orders. To turn them off, set the environment variable `TF_ENABLE_ONEDNN_OPTS=0`.
2023-03-27 17:05:46.678589: W tensorflow/compiler/xla/stream_executor/platform/default/dso_loader.cc:64] Could not load dynamic library 'libnvinfer.so.7'; dlerror: libnvinfer.so.7: cannot open shared object file: No such file or directory; LD_LIBRARY_PATH: /root/anaconda3/envs/magicImage/lib/python3.10/site-packages/cv2/../../lib64:
2023-03-27 17:05:46.678682: W tensorflow/compiler/xla/stream_executor/platform/default/dso_loader.cc:64] Could not load dynamic library 'libnvinfer_plugin.so.7'; dlerror: libnvinfer_plugin.so.7: cannot open shared object file: No such file or directory; LD_LIBRARY_PATH: /root/anaconda3/envs/magicImage/lib/python3.10/site-packages/cv2/../../lib64:
2023-03-27 17:05:46.678694: W tensorflow/compiler/tf2tensorrt/utils/py_utils.cc:38] TF-TRT Warning: Cannot dlopen some TensorRT libraries. If you would like to use Nvidia GPU with TensorRT, please make sure the missing libraries mentioned above are installed properly.
2023-03-27 17:05:48,534 - modelscope - INFO - Model revision not specified, use the latest revision: v1.0.0
2023-03-27 17:05:48,968 - modelscope - INFO - initiate model from /root/.cache/modelscope/hub/damo/cv_unet_skin-retouching
2023-03-27 17:05:48,968 - modelscope - INFO - initiate model from location /root/.cache/modelscope/hub/damo/cv_unet_skin-retouching.
2023-03-27 17:05:48,978 - modelscope - WARNING - No preprocessor field found in cfg.
2023-03-27 17:05:48,978 - modelscope - WARNING - No val key and type key found in preprocessor domain of configuration.json file.
2023-03-27 17:05:48,978 - modelscope - WARNING - Cannot find available config to build preprocessor at mode inference, current config: {'model_dir': '/root/.cache/modelscope/hub/damo/cv_unet_skin-retouching'}. trying to build by task and model information.
2023-03-27 17:05:48,978 - modelscope - WARNING - Find task: skin-retouching, model type: None. Insufficient information to build preprocessor, skip building preprocessor
2023-03-27 17:05:54,297 - modelscope - INFO - Model revision not specified, use the latest revision: v2.0.2
2023-03-27 17:05:56,072 - modelscope - INFO - initiate model from /root/.cache/modelscope/hub/damo/cv_resnet50_face-detection_retinaface
2023-03-27 17:05:56,072 - modelscope - INFO - initiate model from location /root/.cache/modelscope/hub/damo/cv_resnet50_face-detection_retinaface.
2023-03-27 17:05:56,075 - modelscope - WARNING - No preprocessor field found in cfg.
2023-03-27 17:05:56,075 - modelscope - WARNING - No val key and type key found in preprocessor domain of configuration.json file.
2023-03-27 17:05:56,075 - modelscope - WARNING - Cannot find available config to build preprocessor at mode inference, current config: {'model_dir': '/root/.cache/modelscope/hub/damo/cv_resnet50_face-detection_retinaface'}. trying to build by task and model information.
2023-03-27 17:05:56,075 - modelscope - WARNING - Find task: face-detection, model type: None. Insufficient information to build preprocessor, skip building preprocessor
2023-03-27 17:05:56,076 - modelscope - INFO - loading model from /root/.cache/modelscope/hub/damo/cv_resnet50_face-detection_retinaface/pytorch_model.pt
2023-03-27 17:05:56,598 - modelscope - INFO - load model done
2023-03-27 17:05:57.520763: I tensorflow/core/platform/cpu_feature_guard.cc:193] This TensorFlow binary is optimized with oneAPI Deep Neural Network Library (oneDNN) to use the following CPU instructions in performance-critical operations:  AVX2 AVX512F AVX512_VNNI FMA
To enable them in other operations, rebuild TensorFlow with the appropriate compiler flags.
2023-03-27 17:05:57.522060: I tensorflow/compiler/xla/stream_executor/cuda/cuda_gpu_executor.cc:981] successful NUMA node read from SysFS had negative value (-1), but there must be at least one NUMA node, so returning NUMA node zero
2023-03-27 17:05:57.523692: W tensorflow/compiler/xla/stream_executor/platform/default/dso_loader.cc:64] Could not load dynamic library 'libcusolver.so.11'; dlerror: libcusolver.so.11: cannot open shared object file: No such file or directory; LD_LIBRARY_PATH: /root/anaconda3/envs/magicImage/lib/python3.10/site-packages/cv2/../../lib64:
2023-03-27 17:05:57.523800: W tensorflow/core/common_runtime/gpu/gpu_device.cc:1934] Cannot dlopen some GPU libraries. Please make sure the missing libraries mentioned above are installed properly if you would like to use GPU. Follow the guide at https://www.tensorflow.org/install/gpu for how to download and setup the required libraries for your platform.
Skipping registering GPU devices...
WARNING:tensorflow:From /root/anaconda3/envs/magicImage/lib/python3.10/site-packages/modelscope/pipelines/cv/skin_retouching_pipeline.py:84: FastGFile.__init__ (from tensorflow.python.platform.gfile) is deprecated and will be removed in a future version.
Instructions for updating:
Use tf.gfile.GFile.
2023-03-27 17:05:58.452858: I tensorflow/compiler/mlir/mlir_graph_optimization_pass.cc:357] MLIR V1 optimization pass is not enabled
2023-03-27 17:05:59,791 - modelscope - INFO - Model revision not specified, use the latest revision: v1.0.0
2023-03-27 17:06:05,776 - modelscope - INFO - initiate model from /root/.cache/modelscope/hub/damo/cv_flow-based-body-reshaping_damo
2023-03-27 17:06:05,776 - modelscope - INFO - initiate model from location /root/.cache/modelscope/hub/damo/cv_flow-based-body-reshaping_damo.
2023-03-27 17:06:05,777 - modelscope - INFO - initialize model from /root/.cache/modelscope/hub/damo/cv_flow-based-body-reshaping_damo
2023-03-27 17:06:06,528 - modelscope - INFO - load body reshaping model done
2023-03-27 17:06:07,033 - modelscope - INFO - load pose model done
2023-03-27 17:06:07,039 - modelscope - WARNING - No preprocessor field found in cfg.
2023-03-27 17:06:07,039 - modelscope - WARNING - No val key and type key found in preprocessor domain of configuration.json file.
2023-03-27 17:06:07,039 - modelscope - WARNING - Cannot find available config to build preprocessor at mode inference, current config: {'model_dir': '/root/.cache/modelscope/hub/damo/cv_flow-based-body-reshaping_damo'}. trying to build by task and model information.
2023-03-27 17:06:07,040 - modelscope - WARNING - No preprocessor key ('image-body-reshaping', 'image-body-reshaping') found in PREPROCESSOR_MAP, skip building preprocessor.
2023-03-27 17:06:07,041 - modelscope - INFO - body reshaping model init done
2023-03-27 17:06:08,132 - modelscope - INFO - Model revision not specified, use the latest revision: v1.0.3
2023-03-27 17:06:10,569 - modelscope - INFO - initiate model from /root/.cache/modelscope/hub/damo/cv_unet_person-image-cartoon_compound-models
2023-03-27 17:06:10,569 - modelscope - INFO - initiate model from location /root/.cache/modelscope/hub/damo/cv_unet_person-image-cartoon_compound-models.
2023-03-27 17:06:10,571 - modelscope - WARNING - No preprocessor field found in cfg.
2023-03-27 17:06:10,571 - modelscope - WARNING - No val key and type key found in preprocessor domain of configuration.json file.
2023-03-27 17:06:10,571 - modelscope - WARNING - Cannot find available config to build preprocessor at mode inference, current config: {'model_dir': '/root/.cache/modelscope/hub/damo/cv_unet_person-image-cartoon_compound-models'}. trying to build by task and model information.
2023-03-27 17:06:10,571 - modelscope - WARNING - Find task: image-portrait-stylization, model type: None. Insufficient information to build preprocessor, skip building preprocessor
2023-03-27 17:06:10.573333: I tensorflow/compiler/xla/stream_executor/cuda/cuda_gpu_executor.cc:981] successful NUMA node read from SysFS had negative value (-1), but there must be at least one NUMA node, so returning NUMA node zero
2023-03-27 17:06:10.574730: W tensorflow/core/common_runtime/gpu/gpu_device.cc:1934] Cannot dlopen some GPU libraries. Please make sure the missing libraries mentioned above are installed properly if you would like to use GPU. Follow the guide at https://www.tensorflow.org/install/gpu for how to download and setup the required libraries for your platform.
Skipping registering GPU devices...
2023-03-27 17:06:10.690480: I tensorflow/compiler/xla/stream_executor/cuda/cuda_gpu_executor.cc:981] successful NUMA node read from SysFS had negative value (-1), but there must be at least one NUMA node, so returning NUMA node zero
2023-03-27 17:06:10.691814: W tensorflow/core/common_runtime/gpu/gpu_device.cc:1934] Cannot dlopen some GPU libraries. Please make sure the missing libraries mentioned above are installed properly if you would like to use GPU. Follow the guide at https://www.tensorflow.org/install/gpu for how to download and setup the required libraries for your platform.
Skipping registering GPU devices...
2023-03-27 17:06:10.882223: I tensorflow/compiler/xla/stream_executor/cuda/cuda_gpu_executor.cc:981] successful NUMA node read from SysFS had negative value (-1), but there must be at least one NUMA node, so returning NUMA node zero
2023-03-27 17:06:10.883449: W tensorflow/core/common_runtime/gpu/gpu_device.cc:1934] Cannot dlopen some GPU libraries. Please make sure the missing libraries mentioned above are installed properly if you would like to use GPU. Follow the guide at https://www.tensorflow.org/install/gpu for how to download and setup the required libraries for your platform.
Skipping registering GPU devices...
2023-03-27 17:06:10,883 - modelscope - INFO - loading model from /root/.cache/modelscope/hub/damo/cv_unet_person-image-cartoon_compound-models/cartoon_h.pb
